\BOOKMARK [0][]{chapter.1}{\376\377\173\054\116\000\172\340\000\040\000\040\116\313\176\315\173\307}{}% 1
\BOOKMARK [1][]{section.1.1}{\376\377\000\247\0001\000.\0001\000\040\224\261\133\146\150\356\116\146\226\142\173\200\116\313}{chapter.1}% 2
\BOOKMARK [1][]{section.1.2}{\376\377\000\247\0001\000.\0002\000\040\133\146\217\205\173\200\116\313}{chapter.1}% 3
\BOOKMARK [2][]{subsection.1.2.1}{\376\377\0001\000.\0002\000.\0001\000\040\142\021\116\354\166\204\200\124\174\373\145\271\137\017}{section.1.2}% 4
\BOOKMARK [1][]{section.1.3}{\376\377\000\247\0001\000.\0003\000\040\224\261\133\146\150\356\116\146\226\142\126\342\135\345\131\324\173\200\116\313}{chapter.1}% 5
\BOOKMARK [2][]{subsection.1.3.1}{\376\377\0001\000.\0003\000.\0001\000\040\142\021\116\354\166\204\173\200\116\313}{section.1.3}% 6
\BOOKMARK [2][]{subsection.1.3.2}{\376\377\0001\000.\0003\000.\0002\000\040\142\021\116\354\166\204\162\171\202\162}{section.1.3}% 7
\BOOKMARK [2][]{subsection.1.3.3}{\376\377\0001\000.\0003\000.\0003\000\040\142\021\116\354\166\204\220\350\225\350}{section.1.3}% 8
\BOOKMARK [2][]{subsection.1.3.4}{\376\377\0001\000.\0003\000.\0004\000\040\127\050\217\331\221\314\377\014\117\140\200\375\145\066\203\267\116\300\116\110}{section.1.3}% 9
\BOOKMARK [2][]{subsection.1.3.5}{\376\377\0001\000.\0003\000.\0005\000\040\142\021\116\354\166\204\200\124\174\373\145\271\137\017}{section.1.3}% 10
\BOOKMARK [1][]{section.1.4}{\376\377\000\247\0001\000.\0004\000\040\224\261\133\146\150\356\116\146\226\142\133\146\165\037\117\032\173\200\116\313}{chapter.1}% 11
\BOOKMARK [2][]{subsection.1.4.1}{\376\377\0001\000.\0004\000.\0001\000\040\174\276\124\301\155\073\122\250\116\313\176\315}{section.1.4}% 12
\BOOKMARK [2][]{subsection.1.4.2}{\376\377\0001\000.\0004\000.\0002\000\040\124\004\220\350\225\350\116\313\176\315}{section.1.4}% 13
\BOOKMARK [2][]{subsection.1.4.3}{\376\377\0001\000.\0004\000.\0003\000\040\142\333\145\260}{section.1.4}% 14
\BOOKMARK [0][]{chapter.2}{\376\377\173\054\116\214\172\340\000\040\000\040\165\037\155\073\173\307}{}% 15
\BOOKMARK [1][]{section.2.1}{\376\377\000\247\0002\000.\0001\000\040\210\143}{chapter.2}% 16
\BOOKMARK [2][]{subsection.2.1.1}{\376\377\0002\000.\0001\000.\0001\000\040\155\027\210\143\147\015\122\241}{section.2.1}% 17
\BOOKMARK [2][]{subsection.2.1.2}{\376\377\0002\000.\0001\000.\0002\000\040\121\233\213\255\147\015\210\305}{section.2.1}% 18
\BOOKMARK [2][]{subsection.2.1.3}{\376\377\0002\000.\0001\000.\0003\000\040\210\143\147\015\143\142\133\143}{section.2.1}% 19
\BOOKMARK [2][]{subsection.2.1.4}{\376\377\0002\000.\0001\000.\0004\000\040\153\143\210\305\225\356\230\230}{section.2.1}% 20
\BOOKMARK [1][]{section.2.2}{\376\377\000\247\0002\000.\0002\000\040\230\337}{chapter.2}% 21
\BOOKMARK [2][]{subsection.2.2.1}{\376\377\0002\000.\0002\000.\0001\000\040\150\041\121\205\230\337\130\002}{section.2.2}% 22
\BOOKMARK [2][]{subsection.2.2.2}{\376\377\0002\000.\0002\000.\0002\000\040\131\166\203\066\136\227}{section.2.2}% 23
\BOOKMARK [2][]{subsection.2.2.3}{\376\377\0002\000.\0002\000.\0003\000\040\215\205\136\002}{section.2.2}% 24
\BOOKMARK [2][]{subsection.2.2.4}{\376\377\0002\000.\0002\000.\0004\000\040\154\064\147\234\136\227}{section.2.2}% 25
\BOOKMARK [2][]{subsection.2.2.5}{\376\377\0002\000.\0002\000.\0005\000\040\121\166\116\326}{section.2.2}% 26
\BOOKMARK [1][]{section.2.3}{\376\377\000\247\0002\000.\0003\000\040\117\117}{chapter.2}% 27
\BOOKMARK [2][]{subsection.2.3.1}{\376\377\0002\000.\0003\000.\0001\000\040\131\163\165\037\377\032\137\151\206\171\151\174}{section.2.3}% 28
\BOOKMARK [2][]{subsection.2.3.2}{\376\377\0002\000.\0003\000.\0002\000\040\165\067\165\037\377\032\211\177\123\101\126\333\202\015}{section.2.3}% 29
\BOOKMARK [1][]{section.2.4}{\376\377\000\247\0002\000.\0004\000\040\210\114}{chapter.2}% 30
\BOOKMARK [2][]{subsection.2.4.1}{\376\377\0002\000.\0004\000.\0001\000\040\116\244\220\032\135\345\121\167}{section.2.4}% 31
\BOOKMARK [2][]{subsection.2.4.2}{\376\377\0002\000.\0004\000.\0002\000\040\150\041\121\205\131\026\166\204\121\154\121\161\213\276\145\275}{section.2.4}% 32
\BOOKMARK [2][]{subsection.2.4.3}{\376\377\0002\000.\0004\000.\0003\000\040\150\041\131\026\131\047\125\106\127\072}{section.2.4}% 33
\BOOKMARK [2][]{subsection.2.4.4}{\376\377\0002\000.\0004\000.\0004\000\040\147\072\127\072\123\312\160\153\217\146\172\331}{section.2.4}% 34
\BOOKMARK [2][]{subsection.2.4.5}{\376\377\0002\000.\0004\000.\0005\000\040\146\157\160\271}{section.2.4}% 35
\BOOKMARK [1][]{section.2.5}{\376\377\000\247\0002\000.\0005\000\040\163\251}{chapter.2}% 36
\BOOKMARK [2][]{subsection.2.5.1}{\376\377\0002\000.\0005\000.\0001\000\040\217\320\122\250\120\145\216\253}{section.2.5}% 37
\BOOKMARK [2][]{subsection.2.5.2}{\376\377\0002\000.\0005\000.\0002\000\040\171\076\126\342\060\001\124\004\171\315\133\146\165\037\155\073\122\250}{section.2.5}% 38
\BOOKMARK [1][]{section.2.6}{\376\377\000\247\0002\000.\0006\000\040\177\121\176\334}{chapter.2}% 39
\BOOKMARK [2][]{subsection.2.6.1}{\376\377\0002\000.\0006\000.\0001\000\040\133\277\202\015\177\121\176\334}{section.2.6}% 40
\BOOKMARK [2][]{subsection.2.6.2}{\376\377\0002\000.\0006\000.\0002\000\040\150\041\126\355\145\340\176\277}{section.2.6}% 41
\BOOKMARK [2][]{subsection.2.6.3}{\376\377\0002\000.\0006\000.\0003\000\040\121\145\177\121\165\063\213\367\145\131\172\013}{section.2.6}% 42
\BOOKMARK [2][]{subsection.2.6.4}{\376\377\0002\000.\0006\000.\0004\000\040\171\373\122\250\060\001\200\124\220\032\131\127\231\020}{section.2.6}% 43
\BOOKMARK [2][]{subsection.2.6.5}{\376\377\0002\000.\0006\000.\0005\000\040\133\277\202\015\177\121\176\334\117\177\165\050}{section.2.6}% 44
\BOOKMARK [0][]{chapter.3}{\376\377\173\054\116\011\172\340\000\040\000\040\133\146\116\140\173\307}{}% 45
\BOOKMARK [1][]{section.3.1}{\376\377\000\247\0003\000.\0001\000\040\150\041\126\355\136\070\165\050\177\121\172\331\116\000\211\310}{chapter.3}% 46
\BOOKMARK [2][]{subsection.3.1.1}{\376\377\0003\000.\0001\000.\0001\000\040\145\131\122\241\131\004}{section.3.1}% 47
\BOOKMARK [2][]{subsection.3.1.2}{\376\377\0003\000.\0001\000.\0002\000\040\176\374\124\010\145\131\133\146\147\015\122\241\136\163\123\360\377\010\000e\000h\000a\000l\000l\377\011\000\040\211\177\133\211\116\244\220\032\131\047\133\146\145\131\122\241\122\236\116\213\147\015\122\241\131\047\123\205}{section.3.1}% 48
\BOOKMARK [2][]{subsection.3.1.3}{\376\377\0003\000.\0001\000.\0003\000\040\220\011\213\376\172\357}{section.3.1}% 49
\BOOKMARK [2][]{subsection.3.1.4}{\376\377\0003\000.\0001\000.\0004\000\040\140\035\156\220\133\146\130\002}{section.3.1}% 50
\BOOKMARK [2][]{subsection.3.1.5}{\376\377\0003\000.\0001\000.\0005\000\040\000B\000l\000a\000c\000k\000\040\000B\000o\000a\000r\000d\136\163\123\360\000\050\173\200\171\360\000B\000B\136\163\123\360\000\051}{section.3.1}% 51
\BOOKMARK [2][]{subsection.3.1.6}{\376\377\0003\000.\0001\000.\0006\000\040\165\105\213\376\136\163\123\360}{section.3.1}% 52
\BOOKMARK [2][]{subsection.3.1.7}{\376\377\0003\000.\0001\000.\0007\000\040\126\376\116\146\231\206}{section.3.1}% 53
\BOOKMARK [2][]{subsection.3.1.8}{\376\377\0003\000.\0001\000.\0008\000\040\136\010\165\037\176\374\124\010\147\015\122\241\131\047\123\205}{section.3.1}% 54
\BOOKMARK [2][]{subsection.3.1.9}{\376\377\0003\000.\0001\000.\0009\000\040\211\177\116\244\000w\000e\000b\000V\000P\000N\225\350\142\067}{section.3.1}% 55
\BOOKMARK [2][]{subsection.3.1.10}{\376\377\0003\000.\0001\000.\0001\0000\000\040\211\177\116\244\122\236\121\154\201\352\122\250\123\026\136\163\123\360}{section.3.1}% 56
\BOOKMARK [2][]{subsection.3.1.11}{\376\377\0003\000.\0001\000.\0001\0001\000\040\176\374\124\010\117\341\140\157\147\015\122\241\136\163\123\360}{section.3.1}% 57
\BOOKMARK [2][]{subsection.3.1.12}{\376\377\0003\000.\0001\000.\0001\0002\000\040\133\146\165\037\135\345\117\134\173\241\164\006\117\341\140\157\174\373\176\337}{section.3.1}% 58
\BOOKMARK [1][]{section.3.2}{\376\377\000\247\0003\000.\0002\000\040\145\131\147\120\215\055\177\156\143\007\123\127}{chapter.3}% 59
\BOOKMARK [2][]{subsection.3.2.1}{\376\377\0003\000.\0002\000.\0001\000\040\176\337\116\000\215\055\116\160}{section.3.2}% 60
\BOOKMARK [2][]{subsection.3.2.2}{\376\377\0003\000.\0002\000.\0002\000\040\201\352\210\114\215\055\116\160}{section.3.2}% 61
\BOOKMARK [2][]{subsection.3.2.3}{\376\377\0003\000.\0002\000.\0003\000\040\177\121\176\334\215\055\116\146}{section.3.2}% 62
\BOOKMARK [1][]{section.3.3}{\376\377\000\247\0003\000.\0003\000\040\213\376\172\013\173\200\116\313}{chapter.3}% 63
\BOOKMARK [2][]{subsection.3.3.1}{\376\377\0003\000.\0003\000.\0001\000\040\127\372\170\100\213\376\172\013\173\200\116\313}{section.3.3}% 64
\BOOKMARK [2][]{subsection.3.3.2}{\376\377\0003\000.\0003\000.\0002\000\040\215\212\147\160\163\355}{section.3.3}% 65
\BOOKMARK [2][]{subsection.3.3.3}{\376\377\0003\000.\0003\000.\0003\000\040\224\261\133\146\150\356\163\355}{section.3.3}% 66
\BOOKMARK [2][]{subsection.3.3.4}{\376\377\0003\000.\0003\000.\0004\000\040\145\160\133\146\213\325\232\214\163\355}{section.3.3}% 67
\BOOKMARK [2][]{subsection.3.3.5}{\376\377\0003\000.\0003\000.\0005\000\040\162\151\164\006\213\325\232\214\163\355}{section.3.3}% 68
\BOOKMARK [2][]{subsection.3.3.6}{\376\377\0003\000.\0003\000.\0006\000\040\213\241\173\227\147\072\213\325\232\214\163\355}{section.3.3}% 69
\BOOKMARK [2][]{subsection.3.3.7}{\376\377\0003\000.\0003\000.\0007\000\040\116\272\135\345\146\172\200\375\213\325\232\214\163\355}{section.3.3}% 70
\BOOKMARK [2][]{subsection.3.3.8}{\376\377\0003\000.\0003\000.\0008\000\040\117\257\133\227\157\302\123\073\133\146\213\325\232\214\163\355}{section.3.3}% 71
\BOOKMARK [2][]{subsection.3.3.9}{\376\377\0003\000.\0003\000.\0009\000\040\127\372\170\100\123\073\133\146\377\010\126\375\133\266\142\324\134\026\213\241\122\022\377\011}{section.3.3}% 72
\BOOKMARK [2][]{subsection.3.3.10}{\376\377\0003\000.\0003\000.\0001\0000\000\040\122\233\133\146\213\325\232\214\163\355}{section.3.3}% 73
\BOOKMARK [1][]{section.3.4}{\376\377\000\247\0003\000.\0004\000\040\172\336\215\133\171\321\170\024}{chapter.3}% 74
\BOOKMARK [2][]{subsection.3.4.1}{\376\377\0003\000.\0004\000.\0001\000\040\172\336\215\133}{section.3.4}% 75
\BOOKMARK [2][]{subsection.3.4.2}{\376\377\0003\000.\0004\000.\0002\000\040\147\054\171\321\165\037\171\321\170\024\230\171\166\356}{section.3.4}% 76
\BOOKMARK [0][]{chapter.4}{\376\377\173\054\126\333\172\340\000\040\000\040\121\166\116\326}{}% 77
\BOOKMARK [1][]{section.4.1}{\376\377\000\247\0004\000.\0001\000\040\171\373\122\250\116\244\220\032\131\047\133\146\000A\000P\000P}{chapter.4}% 78
\BOOKMARK [1][]{section.4.2}{\376\377\000\247\0004\000.\0002\000\040\060\012\163\340\134\360\133\146\142\245\060\013\137\201\172\077\124\057\116\213}{chapter.4}% 79
