\BOOKMARK [1][-]{section.1}{\376\377\122\115\212\000}{}% 1
\BOOKMARK [1][-]{section.2}{\376\377\000G\000D\000B\220\350\122\006\000\050\131\202\117\125\121\317\134\021\116\016\117\356\131\015\000b\000u\000g\000\051}{}% 2
\BOOKMARK [2][-]{subsection.2.1}{\376\377\121\317\134\021\225\031\213\357\166\204\131\175\116\140\140\357}{section.2}% 3
\BOOKMARK [3][-]{subsubsection.2.1.1}{\376\377\121\231\117\052\116\343\170\001}{subsection.2.1}% 4
\BOOKMARK [3][-]{subsubsection.2.1.2}{\376\377\220\177\121\115\136\070\211\301\166\204\225\031\213\357}{subsection.2.1}% 5
\BOOKMARK [2][-]{subsection.2.2}{\376\377\000G\000D\000B\166\204\127\372\147\054\117\177\165\050}{section.2}% 6
\BOOKMARK [3][-]{subsubsection.2.2.1}{\376\377\165\050\000g\000d\000b\142\147\210\114\172\013\136\217\166\204\142\200\135\347}{subsection.2.2}% 7
\BOOKMARK [3][-]{subsubsection.2.2.2}{\376\377\165\050\000G\000D\000B\147\345\167\013\117\341\140\157\166\204\142\200\135\347}{subsection.2.2}% 8
\BOOKMARK [3][-]{subsubsection.2.2.3}{\376\377\000G\000D\000B\145\255\160\271\166\204\142\200\135\347}{subsection.2.2}% 9
\BOOKMARK [1][-]{section.3}{\376\377\217\223\121\145\217\223\121\372\000\040\000\046\000\040\000S\000T\000L\377\010\150\007\121\306\152\041\147\177\136\223\377\011\000\046\000\040\131\107\140\052\166\204\142\200\135\347}{}% 10
\BOOKMARK [2][-]{subsection.3.1}{\376\377\217\223\121\145\217\223\121\372}{section.3}% 11
\BOOKMARK [3][-]{subsubsection.3.1.1}{\376\377\000c\000i\000n}{subsection.3.1}% 12
\BOOKMARK [3][-]{subsubsection.3.1.2}{\376\377\000c\000o\000u\000t}{subsection.3.1}% 13
\BOOKMARK [3][-]{subsubsection.3.1.3}{\376\377\000g\000e\000t\000l\000i\000n\000e}{subsection.3.1}% 14
\BOOKMARK [3][-]{subsubsection.3.1.4}{\376\377\000p\000u\000t\000c\000h\000a\000r\000/\000g\000e\000t\000c\000h\000a\000r}{subsection.3.1}% 15
\BOOKMARK [3][-]{subsubsection.3.1.5}{\376\377\000s\000c\000a\000f\000\050\123\357\116\345\117\277\143\167\166\204\133\236\163\260\155\367\124\010\174\173\127\213\060\001\131\015\147\102\150\074\137\017\060\001\143\007\133\232\162\171\153\212\150\074\137\017\166\204\217\223\121\145\000\051}{subsection.3.1}% 16
\BOOKMARK [3][-]{subsubsection.3.1.6}{\376\377\000p\000r\000i\000n\000t\000f\377\010\123\357\116\345\117\277\143\167\166\204\133\236\163\260\155\367\124\010\174\173\127\213\060\001\131\015\147\102\150\074\137\017\060\001\143\007\133\232\162\171\153\212\150\074\137\017\166\204\217\223\121\372\377\011}{subsection.3.1}% 17
\BOOKMARK [3][-]{subsubsection.3.1.7}{\376\377\000g\000e\000t\000s\000/\000p\000u\000t\000s}{subsection.3.1}% 18
\BOOKMARK [3][-]{subsubsection.3.1.8}{\376\377\000f\000r\000e\000o\000p\000e\000n}{subsection.3.1}% 19
\BOOKMARK [3][-]{subsubsection.3.1.9}{\376\377\145\207\116\366\143\007\224\210\000F\000I\000L\000E\000*}{subsection.3.1}% 20
\BOOKMARK [3][-]{subsubsection.3.1.10}{\376\377\145\207\116\366\155\101\000f\000s\000t\000r\000e\000a\000m}{subsection.3.1}% 21
\BOOKMARK [2][-]{subsection.3.2}{\376\377\000S\000T\000L\377\014\000S\000t\000a\000n\000d\000a\000r\000d\000\040\000T\000e\000m\000p\000l\000a\000t\000e\000\040\000L\000i\000b\000r\000a\000r\000y\377\014\150\007\121\306\152\041\147\177\136\223}{section.3}% 22
\BOOKMARK [3][-]{subsubsection.3.2.1}{\376\377\217\355\116\343\126\150}{subsection.3.2}% 23
\BOOKMARK [3][-]{subsubsection.3.2.2}{\376\377\000s\000o\000r\000t}{subsection.3.2}% 24
\BOOKMARK [3][-]{subsubsection.3.2.3}{\376\377\000l\000o\000w\000e\000r\000\137\000b\000o\000u\000n\000d\000\050\000b\000e\000g\000i\000n\000,\000e\000n\000d\000,\000v\000a\000l\000u\000e\000,\000c\000m\000p\000\050\000\051\000\051}{subsection.3.2}% 25
\BOOKMARK [3][-]{subsubsection.3.2.4}{\376\377\150\010\377\014\131\064\145\207\116\366\000<\000s\000t\000a\000c\000k\000>}{subsection.3.2}% 26
\BOOKMARK [3][-]{subsubsection.3.2.5}{\376\377\226\037\122\027\377\014\131\064\145\207\116\366\000<\000q\000u\000e\000u\000e\000>}{subsection.3.2}% 27
\BOOKMARK [3][-]{subsubsection.3.2.6}{\376\377\224\376\210\150\377\014\131\064\145\207\116\366\000<\000l\000i\000s\000t\000>}{subsection.3.2}% 28
\BOOKMARK [3][-]{subsubsection.3.2.7}{\376\377\226\306\124\010\000<\000s\000e\000t\000>\000,\123\357\221\315\226\306\124\010\000<\000m\000u\000l\000t\000i\000s\000e\000t\000>}{subsection.3.2}% 29
\BOOKMARK [3][-]{subsubsection.3.2.8}{\376\377\146\040\134\004\000<\000m\000a\000p\000>}{subsection.3.2}% 30
\BOOKMARK [3][-]{subsubsection.3.2.9}{\376\377\117\030\121\110\226\037\122\027\000/\130\006\000p\000r\000i\000o\000r\000i\000t\000y\000\137\000q\000u\000e\000u\000e\000,\131\064\145\207\116\366\000<\000q\000u\000e\000u\000e\000>}{subsection.3.2}% 31
\BOOKMARK [3][-]{subsubsection.3.2.10}{\376\377\000v\000e\000c\000t\000o\000r\122\250\140\001\145\160\176\304\000\050\225\177\136\246\116\015\226\120\166\204\145\160\176\304\000,\221\307\165\050\122\006\127\127\133\130\120\250\000\051}{subsection.3.2}% 32
\BOOKMARK [2][-]{subsection.3.3}{\376\377\177\026\172\013\142\200\135\347}{section.3}% 33
\BOOKMARK [3][-]{subsubsection.3.3.1}{\376\377\117\115\217\320\173\227}{subsection.3.3}% 34
\BOOKMARK [3][-]{subsubsection.3.3.2}{\376\377\133\217\133\232\116\111}{subsection.3.3}% 35
\BOOKMARK [3][-]{subsubsection.3.3.3}{\376\377\232\227\122\006\142\200\135\347\377\010\141\116\165\050\377\001\377\001\377\001\377\011}{subsection.3.3}% 36
\BOOKMARK [1][-]{section.4}{\376\377\224\376\210\150}{}% 37
\BOOKMARK [2][-]{subsection.4.1}{\376\377\116\300\116\110\146\057\224\376\210\150}{section.4}% 38
\BOOKMARK [2][-]{subsection.4.2}{\376\377\224\376\210\150\166\204\144\315\117\134}{section.4}% 39
\BOOKMARK [3][-]{subsubsection.4.2.1}{\376\377\224\376\210\150\166\204\136\372\172\313}{subsection.4.2}% 40
\BOOKMARK [3][-]{subsubsection.4.2.2}{\376\377\224\376\210\150\143\322\121\145\202\202\160\271}{subsection.4.2}% 41
\BOOKMARK [3][-]{subsubsection.4.2.3}{\376\377\224\376\210\150\166\204\147\345\142\176}{subsection.4.2}% 42
\BOOKMARK [3][-]{subsubsection.4.2.4}{\376\377\224\376\210\150\122\040\226\144\202\202\160\271}{subsection.4.2}% 43
\BOOKMARK [3][-]{subsubsection.4.2.5}{\376\377\145\160\143\156\147\011\136\217\143\322\121\145}{subsection.4.2}% 44
\BOOKMARK [3][-]{subsubsection.4.2.6}{\376\377\224\376\210\150\217\223\121\372}{subsection.4.2}% 45
\BOOKMARK [1][-]{section.5}{\376\377\150\010\060\001\226\037\122\027\124\214\143\222\136\217}{}% 46
\BOOKMARK [2][-]{subsection.5.1}{\376\377\150\010\377\010\000S\000t\000a\000c\000k\377\011}{section.5}% 47
\BOOKMARK [3][-]{subsubsection.5.1.1}{\376\377\150\010\166\204\127\372\147\054\151\202\137\365}{subsection.5.1}% 48
\BOOKMARK [3][-]{subsubsection.5.1.2}{\376\377\150\010\166\204\127\372\147\054\144\315\117\134}{subsection.5.1}% 49
\BOOKMARK [3][-]{subsubsection.5.1.3}{\376\377\150\010\166\204\133\236\163\260}{subsection.5.1}% 50
\BOOKMARK [3][-]{subsubsection.5.1.4}{\376\377\150\010\166\204\136\224\165\050}{subsection.5.1}% 51
\BOOKMARK [2][-]{subsection.5.2}{\376\377\226\037\122\027\377\010\000Q\000u\000e\000u\000e\377\011}{section.5}% 52
\BOOKMARK [3][-]{subsubsection.5.2.1}{\376\377\226\037\122\027\166\204\127\372\147\054\151\202\137\365}{subsection.5.2}% 53
\BOOKMARK [3][-]{subsubsection.5.2.2}{\376\377\226\037\122\027\166\204\127\372\147\054\144\315\117\134}{subsection.5.2}% 54
\BOOKMARK [3][-]{subsubsection.5.2.3}{\376\377\226\037\122\027\166\204\133\236\163\260}{subsection.5.2}% 55
\BOOKMARK [3][-]{subsubsection.5.2.4}{\376\377\226\037\122\027\166\204\136\224\165\050}{subsection.5.2}% 56
\BOOKMARK [2][-]{subsection.5.3}{\376\377\143\222\136\217\377\010\000S\000o\000r\000t\000i\000n\000g\377\011}{section.5}% 57
\BOOKMARK [3][-]{subsubsection.5.3.1}{\376\377\143\222\136\217\166\204\127\372\147\054\151\202\137\365}{subsection.5.3}% 58
\BOOKMARK [3][-]{subsubsection.5.3.2}{\376\377\173\200\123\125\143\222\136\217\173\227\154\325}{subsection.5.3}% 59
\BOOKMARK [3][-]{subsubsection.5.3.3}{\376\377\040\034\162\171\153\212\040\035\166\204\143\222\136\217}{subsection.5.3}% 60
\BOOKMARK [1][-]{section.6}{\376\377\227\142\124\021\133\371\214\141\166\204\172\013\136\217\213\276\213\241}{}% 61
\BOOKMARK [2][-]{subsection.6.1}{\376\377\117\125\116\072\227\142\124\021\133\371\214\141\166\204\177\026\172\013}{section.6}% 62
\BOOKMARK [3][-]{subsubsection.6.1.1}{\376\377\227\142\124\021\133\371\214\141\116\016\227\142\124\021\217\307\172\013}{subsection.6.1}% 63
\BOOKMARK [3][-]{subsubsection.6.1.2}{\376\377\127\372\147\054\151\202\137\365}{subsection.6.1}% 64
\BOOKMARK [3][-]{subsubsection.6.1.3}{\376\377\127\372\147\054\162\171\137\201\377\032\134\001\210\305\060\001\176\347\142\177\060\001\131\032\140\001}{subsection.6.1}% 65
\BOOKMARK [2][-]{subsection.6.2}{\376\377\227\142\124\021\133\371\214\141\177\026\172\013\166\204\127\372\147\054\213\355\154\325}{section.6}% 66
\BOOKMARK [3][-]{subsubsection.6.2.1}{\376\377\174\173\000\040\060\001\145\160\143\156\142\020\124\130\116\016\142\020\124\130\121\375\145\160}{subsection.6.2}% 67
\BOOKMARK [3][-]{subsubsection.6.2.2}{\376\377\133\371\214\141}{subsection.6.2}% 68
\BOOKMARK [3][-]{subsubsection.6.2.3}{\376\377\147\204\220\040\121\375\145\160}{subsection.6.2}% 69
\BOOKMARK [3][-]{subsubsection.6.2.4}{\376\377\147\220\147\204\121\375\145\160}{subsection.6.2}% 70
\BOOKMARK [3][-]{subsubsection.6.2.5}{\376\377\213\277\225\356\117\356\231\160\173\046}{subsection.6.2}% 71
\BOOKMARK [3][-]{subsubsection.6.2.6}{\376\377\133\371\214\141\145\160\176\304}{subsection.6.2}% 72
\BOOKMARK [3][-]{subsubsection.6.2.7}{\376\377\000t\000h\000i\000s\143\007\224\210}{subsection.6.2}% 73
\BOOKMARK [3][-]{subsubsection.6.2.8}{\376\377\121\163\116\216\137\025\165\050}{subsection.6.2}% 74
\BOOKMARK [3][-]{subsubsection.6.2.9}{\376\377\142\367\215\035\147\204\220\040\121\375\145\160\116\016\122\250\140\001\121\205\133\130\122\006\221\115}{subsection.6.2}% 75
\BOOKMARK [2][-]{subsection.6.3}{\376\377\217\320\173\227\173\046\221\315\217\175}{section.6}% 76
\BOOKMARK [2][-]{subsection.6.4}{\376\377\121\375\145\160\166\204\000c\000v\226\120\133\232}{section.6}% 77
\BOOKMARK [2][-]{subsection.6.5}{\376\377\174\173\176\347\142\177}{section.6}% 78
\BOOKMARK [3][-]{subsubsection.6.5.1}{\376\377\174\173\176\347\142\177\127\372\147\054\213\355\154\325\377\010\121\154\147\011\176\347\142\177\377\011}{subsection.6.5}% 79
\BOOKMARK [3][-]{subsubsection.6.5.2}{\376\377\131\032\153\041\176\347\142\177}{subsection.6.5}% 80
\BOOKMARK [3][-]{subsubsection.6.5.3}{\376\377\131\032\140\001\176\347\142\177}{subsection.6.5}% 81
\BOOKMARK [3][-]{subsubsection.6.5.4}{\376\377\176\306\202\202}{subsection.6.5}% 82
\BOOKMARK [3][-]{subsubsection.6.5.5}{\376\377\227\131\140\001\200\124\177\026\124\214\122\250\140\001\200\124\177\026}{subsection.6.5}% 83
\BOOKMARK [3][-]{subsubsection.6.5.6}{\376\377\213\277\225\356\143\247\122\066}{subsection.6.5}% 84
\BOOKMARK [3][-]{subsubsection.6.5.7}{\376\377\142\275\214\141\127\372\174\173}{subsection.6.5}% 85
\BOOKMARK [3][-]{subsubsection.6.5.8}{\376\377\176\347\142\177\124\214\122\250\140\001\121\205\133\130\122\006\221\115}{subsection.6.5}% 86
\BOOKMARK [2][-]{subsection.6.6}{\376\377\213\244\213\306\152\041\147\177}{section.6}% 87
\BOOKMARK [3][-]{subsubsection.6.6.1}{\376\377\116\300\116\110\146\057\152\041\147\177\377\037}{subsection.6.6}% 88
\BOOKMARK [3][-]{subsubsection.6.6.2}{\376\377\130\360\146\016\152\041\147\177}{subsection.6.6}% 89
\BOOKMARK [2][-]{subsection.6.7}{\376\377\152\041\147\177\166\204\133\236\117\213\123\026}{section.6}% 90
\BOOKMARK [3][-]{subsubsection.6.7.1}{\376\377\174\173\152\041\147\177\166\204\133\236\117\213\123\026}{subsection.6.7}% 91
\BOOKMARK [3][-]{subsubsection.6.7.2}{\376\377\121\375\145\160\152\041\147\177\166\204\133\236\117\213\123\026}{subsection.6.7}% 92
\BOOKMARK [3][-]{subsubsection.6.7.3}{\376\377\227\136\174\173\127\213\152\041\147\177\137\142\123\302\166\204\226\120\122\066}{subsection.6.7}% 93
\BOOKMARK [3][-]{subsubsection.6.7.4}{\376\377\133\236\117\213\123\026\166\204\145\366\147\072}{subsection.6.7}% 94
\BOOKMARK [3][-]{subsubsection.6.7.5}{\376\377\133\236\117\213\123\026\166\204\116\000\116\052\136\070\211\301\225\031\213\357}{subsection.6.7}% 95
\BOOKMARK [2][-]{subsection.6.8}{\376\377\152\041\147\177\166\204\162\171\123\026\377\010\121\167\117\123\123\026\377\011}{section.6}% 96
\BOOKMARK [3][-]{subsubsection.6.8.1}{\376\377\134\017\142\200\135\347}{subsection.6.8}% 97
\BOOKMARK [1][-]{section.7}{\376\377\124\016\213\260}{}% 98
