\BOOKMARK [1][-]{section.1}{\376\377\000G\000D\000B\220\350\122\006\000\050\131\202\117\125\121\317\134\021\116\016\117\356\131\015\000b\000u\000g\000\051}{}% 1
\BOOKMARK [2][-]{subsection.1.1}{\376\377\121\317\134\021\225\031\213\357\166\204\131\175\116\140\140\357}{section.1}% 2
\BOOKMARK [3][-]{subsubsection.1.1.1}{\376\377\121\231\117\052\116\343\170\001}{subsection.1.1}% 3
\BOOKMARK [3][-]{subsubsection.1.1.2}{\376\377\220\177\121\115\136\070\211\301\166\204\225\031\213\357}{subsection.1.1}% 4
\BOOKMARK [2][-]{subsection.1.2}{\376\377\000G\000D\000B\166\204\127\372\147\054\117\177\165\050}{section.1}% 5
\BOOKMARK [3][-]{subsubsection.1.2.1}{\376\377\165\050\000g\000d\000b\142\147\210\114\172\013\136\217\166\204\142\200\135\347}{subsection.1.2}% 6
\BOOKMARK [3][-]{subsubsection.1.2.2}{\376\377\165\050\000G\000D\000B\147\345\167\013\117\341\140\157\166\204\142\200\135\347}{subsection.1.2}% 7
\BOOKMARK [3][-]{subsubsection.1.2.3}{\376\377\000G\000D\000B\145\255\160\271\166\204\142\200\135\347}{subsection.1.2}% 8
\BOOKMARK [1][-]{section.2}{\376\377\217\223\121\145\217\223\121\372\000\040\000\046\000\040\000S\000T\000L\377\010\150\007\121\306\152\041\147\177\136\223\377\011\000\046\000\040\131\107\140\052\166\204\142\200\135\347}{}% 9
\BOOKMARK [2][-]{subsection.2.1}{\376\377\217\223\121\145\217\223\121\372}{section.2}% 10
\BOOKMARK [3][-]{subsubsection.2.1.1}{\376\377\000c\000i\000n}{subsection.2.1}% 11
\BOOKMARK [3][-]{subsubsection.2.1.2}{\376\377\000c\000o\000u\000t}{subsection.2.1}% 12
\BOOKMARK [3][-]{subsubsection.2.1.3}{\376\377\000g\000e\000t\000l\000i\000n\000e}{subsection.2.1}% 13
\BOOKMARK [3][-]{subsubsection.2.1.4}{\376\377\000p\000u\000t\000c\000h\000a\000r\000/\000g\000e\000t\000c\000h\000a\000r}{subsection.2.1}% 14
\BOOKMARK [3][-]{subsubsection.2.1.5}{\376\377\000s\000c\000a\000f\000\050\123\357\116\345\117\277\143\167\166\204\133\236\163\260\155\367\124\010\174\173\127\213\060\001\131\015\147\102\150\074\137\017\060\001\143\007\133\232\162\171\153\212\150\074\137\017\166\204\217\223\121\145\000\051}{subsection.2.1}% 15
\BOOKMARK [3][-]{subsubsection.2.1.6}{\376\377\000p\000r\000i\000n\000t\000f\377\010\123\357\116\345\117\277\143\167\166\204\133\236\163\260\155\367\124\010\174\173\127\213\060\001\131\015\147\102\150\074\137\017\060\001\143\007\133\232\162\171\153\212\150\074\137\017\166\204\217\223\121\372\377\011}{subsection.2.1}% 16
\BOOKMARK [3][-]{subsubsection.2.1.7}{\376\377\000g\000e\000t\000s\000/\000p\000u\000t\000s}{subsection.2.1}% 17
\BOOKMARK [3][-]{subsubsection.2.1.8}{\376\377\000f\000r\000e\000o\000p\000e\000n}{subsection.2.1}% 18
\BOOKMARK [3][-]{subsubsection.2.1.9}{\376\377\145\207\116\366\143\007\224\210\000F\000I\000L\000E\000*}{subsection.2.1}% 19
\BOOKMARK [3][-]{subsubsection.2.1.10}{\376\377\145\207\116\366\155\101\000f\000s\000t\000r\000e\000a\000m}{subsection.2.1}% 20
\BOOKMARK [2][-]{subsection.2.2}{\376\377\000S\000T\000L\377\014\000S\000t\000a\000n\000d\000a\000r\000d\000\040\000T\000e\000m\000p\000l\000a\000t\000e\000\040\000L\000i\000b\000r\000a\000r\000y\377\014\150\007\121\306\152\041\147\177\136\223}{section.2}% 21
\BOOKMARK [3][-]{subsubsection.2.2.1}{\376\377\217\355\116\343\126\150}{subsection.2.2}% 22
\BOOKMARK [3][-]{subsubsection.2.2.2}{\376\377\000s\000o\000r\000t}{subsection.2.2}% 23
\BOOKMARK [3][-]{subsubsection.2.2.3}{\376\377\000l\000o\000w\000e\000r\000\137\000b\000o\000u\000n\000d\000\050\000b\000e\000g\000i\000n\000,\000e\000n\000d\000,\000v\000a\000l\000u\000e\000,\000c\000m\000p\000\050\000\051\000\051}{subsection.2.2}% 24
\BOOKMARK [3][-]{subsubsection.2.2.4}{\376\377\150\010\377\014\131\064\145\207\116\366\000<\000s\000t\000a\000c\000k\000>}{subsection.2.2}% 25
\BOOKMARK [3][-]{subsubsection.2.2.5}{\376\377\226\037\122\027\377\014\131\064\145\207\116\366\000<\000q\000u\000e\000u\000e\000>}{subsection.2.2}% 26
\BOOKMARK [3][-]{subsubsection.2.2.6}{\376\377\224\376\210\150\377\014\131\064\145\207\116\366\000<\000l\000i\000s\000t\000>}{subsection.2.2}% 27
\BOOKMARK [3][-]{subsubsection.2.2.7}{\376\377\226\306\124\010\000<\000s\000e\000t\000>\000,\123\357\221\315\226\306\124\010\000<\000m\000u\000l\000t\000i\000s\000e\000t\000>}{subsection.2.2}% 28
\BOOKMARK [3][-]{subsubsection.2.2.8}{\376\377\146\040\134\004\000<\000m\000a\000p\000>}{subsection.2.2}% 29
\BOOKMARK [3][-]{subsubsection.2.2.9}{\376\377\117\030\121\110\226\037\122\027\000/\130\006\000p\000r\000i\000o\000r\000i\000t\000y\000\137\000q\000u\000e\000u\000e\000,\131\064\145\207\116\366\000<\000q\000u\000e\000u\000e\000>}{subsection.2.2}% 30
\BOOKMARK [3][-]{subsubsection.2.2.10}{\376\377\000v\000e\000c\000t\000o\000r\122\250\140\001\145\160\176\304\000\050\225\177\136\246\116\015\226\120\166\204\145\160\176\304\000,\221\307\165\050\122\006\127\127\133\130\120\250\000\051}{subsection.2.2}% 31
\BOOKMARK [2][-]{subsection.2.3}{\376\377\177\026\172\013\142\200\135\347}{section.2}% 32
\BOOKMARK [3][-]{subsubsection.2.3.1}{\376\377\117\115\217\320\173\227}{subsection.2.3}% 33
\BOOKMARK [3][-]{subsubsection.2.3.2}{\376\377\133\217\133\232\116\111}{subsection.2.3}% 34
\BOOKMARK [3][-]{subsubsection.2.3.3}{\376\377\232\227\122\006\142\200\135\347\377\010\221\315\211\201\377\001\377\001\377\001\141\116\165\050\377\001\377\001\377\001\377\011}{subsection.2.3}% 35
\BOOKMARK [1][-]{section.3}{\376\377\227\142\124\021\133\371\214\141\166\204\172\013\136\217\213\276\213\241}{}% 36
\BOOKMARK [2][-]{subsection.3.1}{\376\377\174\173\176\347\142\177}{section.3}% 37
\BOOKMARK [3][-]{subsubsection.3.1.1}{\376\377\174\173\176\347\142\177\127\372\147\054\213\355\154\325\377\010\121\154\147\011\176\347\142\177\377\011}{subsection.3.1}% 38
\BOOKMARK [3][-]{subsubsection.3.1.2}{\376\377\131\032\153\041\176\347\142\177}{subsection.3.1}% 39
\BOOKMARK [3][-]{subsubsection.3.1.3}{\376\377\131\032\140\001\176\347\142\177}{subsection.3.1}% 40
\BOOKMARK [3][-]{subsubsection.3.1.4}{\376\377\176\306\202\202}{subsection.3.1}% 41
\BOOKMARK [3][-]{subsubsection.3.1.5}{\376\377\227\131\140\001\200\124\177\026\124\214\122\250\140\001\200\124\177\026}{subsection.3.1}% 42
\BOOKMARK [3][-]{subsubsection.3.1.6}{\376\377\213\277\225\356\143\247\122\066}{subsection.3.1}% 43
\BOOKMARK [3][-]{subsubsection.3.1.7}{\376\377\142\275\214\141\127\372\174\173}{subsection.3.1}% 44
\BOOKMARK [3][-]{subsubsection.3.1.8}{\376\377\176\347\142\177\124\214\122\250\140\001\121\205\133\130\122\006\221\115}{subsection.3.1}% 45
\BOOKMARK [2][-]{subsection.3.2}{\376\377\213\244\213\306\152\041\147\177}{section.3}% 46
\BOOKMARK [3][-]{subsubsection.3.2.1}{\376\377\116\300\116\110\146\057\152\041\147\177\377\037}{subsection.3.2}% 47
\BOOKMARK [3][-]{subsubsection.3.2.2}{\376\377\130\360\146\016\152\041\147\177}{subsection.3.2}% 48
\BOOKMARK [2][-]{subsection.3.3}{\376\377\152\041\147\177\166\204\133\236\117\213\123\026}{section.3}% 49
\BOOKMARK [3][-]{subsubsection.3.3.1}{\376\377\174\173\152\041\147\177\166\204\133\236\117\213\123\026}{subsection.3.3}% 50
\BOOKMARK [3][-]{subsubsection.3.3.2}{\376\377\121\375\145\160\152\041\147\177\166\204\133\236\117\213\123\026}{subsection.3.3}% 51
\BOOKMARK [3][-]{subsubsection.3.3.3}{\376\377\227\136\174\173\127\213\152\041\147\177\137\142\123\302\166\204\226\120\122\066}{subsection.3.3}% 52
\BOOKMARK [3][-]{subsubsection.3.3.4}{\376\377\133\236\117\213\123\026\166\204\145\366\147\072}{subsection.3.3}% 53
\BOOKMARK [3][-]{subsubsection.3.3.5}{\376\377\133\236\117\213\123\026\166\204\116\000\116\052\136\070\211\301\225\031\213\357}{subsection.3.3}% 54
\BOOKMARK [2][-]{subsection.3.4}{\376\377\152\041\147\177\166\204\162\171\123\026\377\010\121\167\117\123\123\026\377\011}{section.3}% 55
\BOOKMARK [3][-]{subsubsection.3.4.1}{\376\377\134\017\142\200\135\347}{subsection.3.4}% 56
